[2023-01-30T15:02:32.792] [INFO] info - Despliegue de catalogos de productos.
[2023-01-30T15:05:10.585] [INFO] info - Despliegue de catalogos de productos.
[2023-01-30T15:11:45.900] [ERROR] error - Page not found url: http://localhost:8080//api/productsd/
[2023-01-30T15:12:12.594] [ERROR] error - Page not found url: http://localhost:8080/api/productsd/
[2023-01-30T15:15:35.854] [INFO] info - Despliegue de catalogos de productos.
[2023-01-30T15:18:12.962] [INFO] info - Despliegue de catalogos de productos.
[2023-01-30T15:19:48.051] [INFO] info - Signed user:jorgeandresmm2002@gmail.com
[2023-01-30T15:23:32.388] [INFO] info - Compra realizada. Hora:Mon Jan 30 2023 15:23:32 GMT-0400 (Venezuela Time)
[2023-01-30T15:27:06.174] [INFO] info - Compra realizada. Hora:Mon Jan 30 2023 15:27:06 GMT-0400 (Venezuela Time)
[2023-01-30T15:27:23.120] [INFO] info - Despliegue de catalogos de productos.
[2023-01-30T15:27:53.786] [INFO] info - Compra realizada. Hora:Mon Jan 30 2023 15:27:53 GMT-0400 (Venezuela Time)
[2023-01-30T15:29:09.232] [INFO] info - Compra realizada. Hora:Mon Jan 30 2023 15:29:09 GMT-0400 (Venezuela Time)
[2023-01-30T15:32:01.254] [INFO] info - Compra realizada. Hora:Mon Jan 30 2023 15:32:01 GMT-0400 (Venezuela Time)
[2023-01-30T15:33:47.787] [INFO] info - Compra realizada. Hora:Mon Jan 30 2023 15:33:47 GMT-0400 (Venezuela Time)
[2023-01-30T15:36:17.705] [INFO] info - Compra realizada. Hora:Mon Jan 30 2023 15:36:17 GMT-0400 (Venezuela Time)
[2023-01-30T15:37:42.118] [INFO] info - Compra realizada. Hora:Mon Jan 30 2023 15:37:42 GMT-0400 (Venezuela Time)
[2023-01-30T15:38:40.098] [INFO] info - Compra realizada. Hora:Mon Jan 30 2023 15:38:40 GMT-0400 (Venezuela Time)
[2023-01-30T15:39:32.876] [INFO] info - Despliegue de catalogos de productos.
[2023-01-30T15:40:27.009] [INFO] info - Despliegue de catalogos de productos.
[2023-01-30T15:40:44.767] [INFO] info - Compra realizada. Hora:Mon Jan 30 2023 15:40:44 GMT-0400 (Venezuela Time)
[2023-01-30T15:47:23.345] [ERROR] error - Page not found url: http://localhost:8080/apif
[2023-01-30T15:47:26.492] [ERROR] error - Page not found url: http://localhost:8080/apif
[2023-01-30T15:47:58.591] [INFO] info - Despliegue de catalogos de productos.
[2023-01-30T15:48:12.172] [ERROR] error - Page not found url: http://localhost:8080/api/shopingcartproducts
[2023-01-30T15:52:51.482] [ERROR] error - Page not found url: http://localhost:8080/api/login
[2023-01-30T15:53:06.896] [INFO] info - User created. New user:undefined
[2023-01-30T16:05:57.499] [INFO] info - User created. New user:andres@gmail.com
[2023-01-30T16:06:32.376] [INFO] info - User created. New user:andres@gmail.com
[2023-01-30T16:06:55.907] [INFO] info - Despliegue de catalogos de productos.
[2023-01-30T16:07:40.340] [INFO] info - Despliegue de catalogos de productos.
[2023-01-30T16:07:58.859] [INFO] info - Despliegue de catalogos de productos.
[2023-01-30T16:08:02.644] [ERROR] error - Page not found url: http://localhost:8080/api/productss
[2023-01-30T16:08:09.759] [INFO] info - Despliegue de catalogos de productos.
[2023-01-30T16:08:16.216] [INFO] info - Despliegue de catalogos de productos.
[2023-01-30T16:10:25.263] [INFO] info - Despliegue de catalogos de productos.
[2023-01-30T16:10:44.917] [INFO] info - Signed user:jorgeandresmm2002@gmail.com
[2023-01-30T16:12:14.842] [INFO] info - Adicion de nuevo producto: Monitor Lg x-250
[2023-01-30T16:13:20.891] [INFO] info - Adicion de nuevo producto: Monitor Lg x-250
[2023-01-30T16:13:24.533] [INFO] info - Despliegue de catalogos de productos.
[2023-01-30T16:14:29.325] [WARN] warn - Producto actualizado. Nuevos datos: 
 
                        Nombre:Redmi Note 10, 
 
                        Price:550 
 
                        Description: 8-RAM 46 PIXELS
[2023-01-30T16:14:41.047] [WARN] warn - Producto eliminado. ID:74d2987d-0aaa-4146-8866-f1a1d78d105f
[2023-01-30T16:14:54.852] [INFO] info - Despliegue de catalogos de productos.
[2023-01-30T16:15:07.778] [INFO] info - Adicion de nuevo producto: Redmi Note 10
[2023-01-30T16:15:09.934] [INFO] info - Despliegue de catalogos de productos.
[2023-01-30T16:15:27.108] [ERROR] error - Page not found url: http://localhost:8080/api/products/dfgdgd
[2023-01-30T16:15:48.258] [INFO] info - Adicion de nuevo producto: Redmi Note 11
[2023-01-30T16:15:53.718] [INFO] info - Despliegue de catalogos de productos.
[2023-01-30T16:22:03.491] [INFO] info - Despliegue de catalogos de productos.
[2023-01-30T16:23:03.547] [INFO] info - Despliegue de catalogos de productos.
[2023-01-30T16:25:33.453] [INFO] info - Compra realizada. Hora:Mon Jan 30 2023 16:25:33 GMT-0400 (Venezuela Time)
[2023-01-30T16:25:34.927] [INFO] info - Compra realizada. Hora:Mon Jan 30 2023 16:25:34 GMT-0400 (Venezuela Time)
[2023-01-30T16:31:54.752] [ERROR] error - Page not found url: http://localhost:8080/login
[2023-01-30T16:32:43.929] [ERROR] error - Page not found url: http://localhost:8080/login
[2023-01-30T16:35:58.605] [INFO] info - Signed user:jorgeandresmm2002@gmail.com
[2023-01-30T16:36:19.352] [INFO] info - Despliegue de catalogos de productos.
[2023-01-30T16:38:03.220] [ERROR] error - Page not found url: http://localhost:8080/api/shoppingcartproducts/7b13bbf7-aeb2-40c3-b85c-fa8b73de29e6
[2023-01-30T16:39:25.373] [INFO] info - Compra realizada. Hora:Mon Jan 30 2023 16:39:25 GMT-0400 (Venezuela Time)
[2023-01-30T16:39:36.462] [INFO] info - Despliegue de catalogos de productos.
[2023-01-30T16:40:06.738] [INFO] info - Compra realizada. Hora:Mon Jan 30 2023 16:40:06 GMT-0400 (Venezuela Time)
[2023-01-30T16:40:07.915] [INFO] info - Compra realizada. Hora:Mon Jan 30 2023 16:40:07 GMT-0400 (Venezuela Time)
[2023-01-30T16:40:12.708] [INFO] info - Compra realizada. Hora:Mon Jan 30 2023 16:40:12 GMT-0400 (Venezuela Time)
[2023-01-30T16:40:47.161] [INFO] info - Compra realizada. Hora:Mon Jan 30 2023 16:40:47 GMT-0400 (Venezuela Time)
[2023-01-30T16:40:48.314] [INFO] info - Compra realizada. Hora:Mon Jan 30 2023 16:40:48 GMT-0400 (Venezuela Time)
[2023-01-30T16:41:49.580] [INFO] info - Compra realizada. Hora:Mon Jan 30 2023 16:41:49 GMT-0400 (Venezuela Time)
[2023-01-30T16:42:03.689] [INFO] info - Compra realizada. Hora:Mon Jan 30 2023 16:42:03 GMT-0400 (Venezuela Time)
[2023-01-30T16:42:04.334] [INFO] info - Compra realizada. Hora:Mon Jan 30 2023 16:42:04 GMT-0400 (Venezuela Time)
[2023-01-30T16:42:19.485] [INFO] info - Compra realizada. Hora:Mon Jan 30 2023 16:42:19 GMT-0400 (Venezuela Time)
[2023-01-30T16:42:20.830] [INFO] info - Compra realizada. Hora:Mon Jan 30 2023 16:42:20 GMT-0400 (Venezuela Time)
[2023-01-30T16:42:34.377] [INFO] info - Despliegue de catalogos de productos.
[2023-01-30T16:43:08.551] [INFO] info - Despliegue de catalogos de productos.
[2023-01-30T16:43:38.098] [INFO] info - Compra realizada. Hora:Mon Jan 30 2023 16:43:38 GMT-0400 (Venezuela Time)
[2023-01-30T16:43:39.416] [INFO] info - Compra realizada. Hora:Mon Jan 30 2023 16:43:39 GMT-0400 (Venezuela Time)
[2023-01-30T16:53:50.293] [INFO] info - Compra realizada. Hora:Mon Jan 30 2023 16:53:50 GMT-0400 (Venezuela Time)
[2023-01-30T16:53:57.742] [INFO] info - Despliegue de catalogos de productos.
[2023-01-30T16:59:55.221] [INFO] info - Despliegue de catalogos de productos.
[2023-01-30T17:10:06.582] [INFO] info - Despliegue de catalogos de productos.
[2023-01-30T17:10:29.266] [INFO] info - Despliegue de catalogos de productos.
[2023-01-30T17:10:45.677] [INFO] info - Despliegue de catalogos de productos.
[2023-01-30T17:11:35.678] [INFO] info - Signed user:yennimarin@gmail.com
[2023-01-30T17:13:20.065] [INFO] info - Compra realizada. Hora:Mon Jan 30 2023 17:13:20 GMT-0400 (Venezuela Time)
[2023-01-30T17:14:36.392] [INFO] info - Compra realizada. Hora:Mon Jan 30 2023 17:14:36 GMT-0400 (Venezuela Time)
[2023-01-30T17:14:38.960] [INFO] info - Compra realizada. Hora:Mon Jan 30 2023 17:14:38 GMT-0400 (Venezuela Time)
[2023-01-30T17:14:42.462] [INFO] info - Compra realizada. Hora:Mon Jan 30 2023 17:14:42 GMT-0400 (Venezuela Time)
[2023-01-30T17:14:42.778] [INFO] info - Compra realizada. Hora:Mon Jan 30 2023 17:14:42 GMT-0400 (Venezuela Time)
[2023-01-30T17:14:43.230] [INFO] info - Compra realizada. Hora:Mon Jan 30 2023 17:14:43 GMT-0400 (Venezuela Time)
[2023-01-30T17:14:44.021] [INFO] info - Compra realizada. Hora:Mon Jan 30 2023 17:14:44 GMT-0400 (Venezuela Time)
[2023-01-30T17:14:44.307] [INFO] info - Compra realizada. Hora:Mon Jan 30 2023 17:14:44 GMT-0400 (Venezuela Time)
[2023-01-30T17:14:44.841] [INFO] info - Compra realizada. Hora:Mon Jan 30 2023 17:14:44 GMT-0400 (Venezuela Time)
[2023-01-30T17:17:33.577] [INFO] info - Despliegue de catalogos de productos.
[2023-01-30T17:17:48.998] [ERROR] error - Page not found url: http://localhost:8080/api/order
[2023-01-30T17:17:57.749] [INFO] info - Compra realizada. Hora:Mon Jan 30 2023 17:17:57 GMT-0400 (Venezuela Time)
[2023-01-30T17:18:17.944] [INFO] info - Compra realizada. Hora:Mon Jan 30 2023 17:18:17 GMT-0400 (Venezuela Time)
[2023-01-30T17:19:13.239] [INFO] info - Despliegue de catalogos de productos.
[2023-01-30T17:19:48.994] [INFO] info - Despliegue de catalogos de productos.
[2023-01-30T17:19:59.154] [ERROR] error - Page not found url: http://localhost:8080/api/shoppingcartproduct
[2023-01-30T17:20:04.875] [INFO] info - Despliegue de catalogos de productos.
[2023-01-30T17:20:22.874] [INFO] info - Despliegue de catalogos de productos.
[2023-01-30T17:20:45.551] [INFO] info - Compra realizada. Hora:Mon Jan 30 2023 17:20:45 GMT-0400 (Venezuela Time)
[2023-01-30T17:20:48.189] [INFO] info - Compra realizada. Hora:Mon Jan 30 2023 17:20:48 GMT-0400 (Venezuela Time)
[2023-01-30T17:20:49.303] [INFO] info - Compra realizada. Hora:Mon Jan 30 2023 17:20:49 GMT-0400 (Venezuela Time)
[2023-01-30T17:21:09.976] [INFO] info - Despliegue de catalogos de productos.
[2023-01-30T17:21:35.786] [INFO] info - Despliegue de catalogos de productos.
[2023-01-30T17:21:54.551] [INFO] info - Compra realizada. Hora:Mon Jan 30 2023 17:21:54 GMT-0400 (Venezuela Time)
[2023-01-30T17:21:56.284] [INFO] info - Compra realizada. Hora:Mon Jan 30 2023 17:21:56 GMT-0400 (Venezuela Time)
[2023-01-30T18:31:09.913] [INFO] info - Despliegue de catalogos de productos.
[2023-01-30T18:31:20.786] [INFO] info - Despliegue de catalogos de productos.
[2023-01-30T18:32:12.954] [INFO] info - Despliegue de catalogos de productos.
[2023-01-30T18:32:20.078] [INFO] info - Despliegue de catalogos de productos.
[2023-01-30T18:32:23.302] [INFO] info - Despliegue de catalogos de productos.
[2023-01-30T19:04:52.958] [INFO] info - Despliegue de catalogos de productos.
[2023-01-30T19:08:59.214] [INFO] info - Despliegue de catalogos de productos.
